<?xml version="1.0" encoding="UTF-8"?>
<!-- Generated by org.testng.reporters.JUnitReportReporter -->
<testsuite hostname="SONPARI" failures="0" tests="10" name="TestNG.Keyword1" time="0.085" errors="0" timestamp="2023-02-13T10:33:14 IST" skipped="0">
  <testcase classname="TestNG.Keyword1" name="TC1" time="0.006"/>
  <system-out>
    <![CDATA[Running Method TC1]]>
  </system-out>
  <testcase classname="TestNG.Keyword1" name="TC1" time="0.005"/>
  <system-out>
    <![CDATA[Running Method TC1]]>
  </system-out>
  <testcase classname="TestNG.Keyword1" name="TC1" time="0.011"/>
  <system-out>
    <![CDATA[Running Method TC1]]>
  </system-out>
  <testcase classname="TestNG.Keyword1" name="TC1" time="0.031"/>
  <system-out>
    <![CDATA[Running Method TC1]]>
  </system-out>
  <testcase classname="TestNG.Keyword1" name="TC1" time="0.002"/>
  <system-out>
    <![CDATA[Running Method TC1]]>
  </system-out>
  <testcase classname="TestNG.Keyword1" name="TC1" time="0.003"/>
  <system-out>
    <![CDATA[Running Method TC1]]>
  </system-out>
  <testcase classname="TestNG.Keyword1" name="TC1" time="0.002"/>
  <system-out>
    <![CDATA[Running Method TC1]]>
  </system-out>
  <testcase classname="TestNG.Keyword1" name="TC1" time="0.019"/>
  <system-out>
    <![CDATA[Running Method TC1]]>
  </system-out>
  <testcase classname="TestNG.Keyword1" name="TC1" time="0.002"/>
  <system-out>
    <![CDATA[Running Method TC1]]>
  </system-out>
  <testcase classname="TestNG.Keyword1" name="TC1" time="0.004"/>
  <system-out>
    <![CDATA[Running Method TC1]]>
  </system-out>
</testsuite> <!-- TestNG.Keyword1 -->
