<?xml version="1.0" encoding="UTF-8"?>
<!-- Generated by org.testng.reporters.JUnitReportReporter -->
<testsuite hostname="SONPARI" failures="0" tests="2" name="POM_DDF_TestNG_BaseClass_UtilityClass.Insurance_TestNG_TestClass" time="12.162" errors="0" timestamp="2023-02-17T19:22:03 IST" skipped="0">
  <testcase classname="POM_DDF_TestNG_BaseClass_UtilityClass.Insurance_TestNG_TestClass" name="VerifyEmailAddress" time="6.190"/>
  <system-out/>
  <testcase classname="POM_DDF_TestNG_BaseClass_UtilityClass.Insurance_TestNG_TestClass" name="VerifyTitle" time="5.972"/>
  <system-out/>
</testsuite> <!-- POM_DDF_TestNG_BaseClass_UtilityClass.Insurance_TestNG_TestClass -->
