<?xml version="1.0" encoding="UTF-8"?>
<!-- Generated by org.testng.reporters.JUnitReportReporter -->
<testsuite hostname="SONPARI" failures="0" tests="4" name="TestNG.Keyword4" time="0.033" errors="0" timestamp="2023-02-13T10:45:41 IST" skipped="0">
  <testcase classname="TestNG.Keyword4" name="TC3" time="0.022"/>
  <system-out>
    <![CDATA[Running Method TC3]]>
  </system-out>
  <testcase classname="TestNG.Keyword4" name="TC4" time="0.003"/>
  <system-out>
    <![CDATA[Running Method TC4]]>
  </system-out>
  <testcase classname="TestNG.Keyword4" name="TC2" time="0.003"/>
  <system-out>
    <![CDATA[Running Method TC2]]>
  </system-out>
  <testcase classname="TestNG.Keyword4" name="TC1" time="0.005"/>
  <system-out>
    <![CDATA[Running Method TC1]]>
  </system-out>
</testsuite> <!-- TestNG.Keyword4 -->
