<?xml version="1.0" encoding="UTF-8"?>
<!-- Generated by org.testng.reporters.JUnitReportReporter -->
<testsuite hostname="SONPARI" failures="0" tests="1" name="TestNG.TestNG_Class" time="9.203" errors="0" timestamp="2023-02-10T11:45:34 IST" skipped="0">
  <testcase classname="TestNG.TestNG_Class" name="OpenFacebook" time="9.203"/>
  <system-out/>
</testsuite> <!-- TestNG.TestNG_Class -->
