<?xml version="1.0" encoding="UTF-8"?>
<!-- Generated by org.testng.reporters.JUnitReportReporter -->
<testsuite hostname="SONPARI" failures="0" tests="4" name="TestNG.Disable1" time="0.036" errors="0" timestamp="2023-02-13T19:46:48 IST" skipped="0">
  <testcase classname="TestNG.Disable1" name="TC2" time="0.005"/>
  <system-out>
    <![CDATA[Running TC2]]>
  </system-out>
  <testcase classname="TestNG.Disable1" name="TC1" time="0.022"/>
  <system-out>
    <![CDATA[Running TC1]]>
  </system-out>
  <testcase classname="TestNG.Disable1" name="TC4" time="0.003"/>
  <system-out>
    <![CDATA[Running TC4]]>
  </system-out>
  <testcase classname="TestNG.Disable1" name="TC3" time="0.006"/>
  <system-out>
    <![CDATA[Running TC3]]>
  </system-out>
</testsuite> <!-- TestNG.Disable1 -->
