<?xml version="1.0" encoding="UTF-8"?>
<!-- Generated by org.testng.reporters.JUnitReportReporter -->
<testsuite hostname="SONPARI" failures="0" tests="2" name="TestNG.keyword9" time="0.016" errors="0" timestamp="2023-02-13T10:56:37 IST" skipped="0">
  <testcase classname="TestNG.keyword9" name="Logout" time="0.001"/>
  <system-out>
    <![CDATA[Running Logout TC]]>
  </system-out>
  <testcase classname="TestNG.keyword9" name="Login" time="0.015"/>
  <system-out>
    <![CDATA[Running Login TC]]>
  </system-out>
</testsuite> <!-- TestNG.keyword9 -->
