<?xml version="1.0" encoding="UTF-8"?>
<!-- Generated by org.testng.reporters.JUnitReportReporter -->
<testsuite hostname="SONPARI" failures="0" tests="2" name="TestNG.Keyword2" time="0.027" errors="0" timestamp="2023-02-13T10:40:47 IST" skipped="0">
  <testcase classname="TestNG.Keyword2" name="TC2" time="0.017"/>
  <system-out>
    <![CDATA[Running Method TC2]]>
  </system-out>
  <testcase classname="TestNG.Keyword2" name="TC1" time="0.010"/>
  <system-out>
    <![CDATA[Running Method TC1]]>
  </system-out>
</testsuite> <!-- TestNG.Keyword2 -->
