<?xml version="1.0" encoding="UTF-8"?>
<!-- Generated by org.testng.reporters.JUnitReportReporter -->
<testsuite hostname="SONPARI" failures="0" tests="2" name="TestNG.Keyword8" time="2.033" errors="0" timestamp="2023-02-13T10:55:47 IST" skipped="0">
  <testcase classname="TestNG.Keyword8" name="TC1" time="2.031"/>
  <system-out>
    <![CDATA[Running Method TC1]]>
  </system-out>
  <testcase classname="TestNG.Keyword8" name="TC2" time="0.002"/>
  <system-out>
    <![CDATA[Running Method TC2]]>
  </system-out>
</testsuite> <!-- TestNG.Keyword8 -->
