<?xml version="1.0" encoding="UTF-8"?>
<!-- Generated by org.testng.reporters.JUnitReportReporter -->
<testsuite hostname="SONPARI" failures="0" tests="3" name="TestNG.Keyword3" time="0.033" errors="0" timestamp="2023-02-13T10:43:28 IST" skipped="0">
  <testcase classname="TestNG.Keyword3" name="TC3" time="0.017"/>
  <system-out>
    <![CDATA[Running Method TC3]]>
  </system-out>
  <testcase classname="TestNG.Keyword3" name="TC2" time="0.011"/>
  <system-out>
    <![CDATA[Running Method TC2]]>
  </system-out>
  <testcase classname="TestNG.Keyword3" name="TC1" time="0.005"/>
  <system-out>
    <![CDATA[Running Method TC1]]>
  </system-out>
</testsuite> <!-- TestNG.Keyword3 -->
