<?xml version="1.0" encoding="UTF-8"?>
<!-- Generated by org.testng.reporters.JUnitReportReporter -->
<testsuite hostname="SONPARI" failures="0" tests="2" name="TestNG.Keyword7" time="0.017" errors="0" timestamp="2023-02-13T10:54:52 IST" skipped="1">
  <testcase classname="TestNG.Keyword7" name="TC1" time="0.017"/>
  <system-out>
    <![CDATA[Running Method TC1]]>
  </system-out>
  <testcase classname="TestNG.Keyword7" name="TC2">
    <skipped/>
  </testcase> <!-- TC2 -->
  <system-out/>
</testsuite> <!-- TestNG.Keyword7 -->
